# JRE version: OpenJDK Runtime Environment (17.0.9) (build 17.0.9+0--11185874)
# Java VM: OpenJDK 64-Bit Server VM (17.0.9+0--11185874, mixed mode, tiered, compressed oops, compressed class ptrs, g1 gc, windows-amd64)
GC Precious Log:
 CPUs: 12 total, 12 available
 Memory: 14127M
 Large Page Support: Disabled
 NUMA Support: Disabled
 Compressed Oops: Enabled (32-bit)
 Heap Region Size: 1M
 Heap Min Capacity: 8M
 Heap Initial Capacity: 222M
 Heap Max Capacity: 2G
 Pre-touch: Disabled
 Parallel Workers: 10
 Concurrent Workers: 3
 Concurrent Refinement Workers: 10
 Periodic GC: Disabled
Heap:
 garbage-first heap   total 285696K, used 238385K [0x0000000080000000, 0x0000000100000000)
  region size 1024K, 73 young (74752K), 5 survivors (5120K)
 Metaspace       used 149195K, committed 150080K, reserved 1179648K
  class space    used 19477K, committed 19904K, reserved 1048576K
GC Heap History (20 events):
Event: 6.952 GC heap before
{Heap before GC invocations=38 (full 0):
 garbage-first heap   total 285696K, used 229989K [0x0000000080000000, 0x0000000100000000)
  region size 1024K, 131 young (134144K), 14 survivors (14336K)
 Metaspace       used 96862K, committed 97664K, reserved 1179648K
  class space    used 13357K, committed 13696K, reserved 1048576K
}
Event: 6.966 GC heap after
{Heap after GC invocations=39 (full 0):
 garbage-first heap   total 285696K, used 129827K [0x0000000080000000, 0x0000000100000000)
  region size 1024K, 17 young (17408K), 17 survivors (17408K)
 Metaspace       used 96862K, committed 97664K, reserved 1179648K
  class space    used 13357K, committed 13696K, reserved 1048576K
}
Event: 7.663 GC heap before
{Heap before GC invocations=39 (full 0):
 garbage-first heap   total 285696K, used 225059K [0x0000000080000000, 0x0000000100000000)
  region size 1024K, 103 young (105472K), 17 survivors (17408K)
 Metaspace       used 105490K, committed 106240K, reserved 1179648K
  class space    used 14266K, committed 14592K, reserved 1048576K
}
Event: 7.671 GC heap after
{Heap after GC invocations=40 (full 0):
 garbage-first heap   total 285696K, used 146961K [0x0000000080000000, 0x0000000100000000)
  region size 1024K, 8 young (8192K), 8 survivors (8192K)
 Metaspace       used 105490K, committed 106240K, reserved 1179648K
  class space    used 14266K, committed 14592K, reserved 1048576K
}
Event: 7.832 GC heap before
{Heap before GC invocations=40 (full 0):
 garbage-first heap   total 285696K, used 165393K [0x0000000080000000, 0x0000000100000000)
  region size 1024K, 27 young (27648K), 8 survivors (8192K)
 Metaspace       used 107701K, committed 108416K, reserved 1179648K
  class space    used 14478K, committed 14784K, reserved 1048576K
}
Event: 7.835 GC heap after
{Heap after GC invocations=41 (full 0):
 garbage-first heap   total 285696K, used 149464K [0x0000000080000000, 0x0000000100000000)
  region size 1024K, 2 young (2048K), 2 survivors (2048K)
 Metaspace       used 107701K, committed 108416K, reserved 1179648K
  class space    used 14478K, committed 14784K, reserved 1048576K
}
Event: 8.389 GC heap before
{Heap before GC invocations=42 (full 0):
 garbage-first heap   total 285696K, used 231384K [0x0000000080000000, 0x0000000100000000)
  region size 1024K, 81 young (82944K), 2 survivors (2048K)
 Metaspace       used 115161K, committed 115904K, reserved 1179648K
  class space    used 15427K, committed 15744K, reserved 1048576K
}
Event: 8.393 GC heap after
{Heap after GC invocations=43 (full 0):
 garbage-first heap   total 285696K, used 153197K [0x0000000080000000, 0x0000000100000000)
  region size 1024K, 6 young (6144K), 6 survivors (6144K)
 Metaspace       used 115161K, committed 115904K, reserved 1179648K
  class space    used 15427K, committed 15744K, reserved 1048576K
}
Event: 8.453 GC heap before
{Heap before GC invocations=43 (full 0):
 garbage-first heap   total 285696K, used 159341K [0x0000000080000000, 0x0000000100000000)
  region size 1024K, 13 young (13312K), 6 survivors (6144K)
 Metaspace       used 115613K, committed 116352K, reserved 1179648K
  class space    used 15484K, committed 15808K, reserved 1048576K
}
Event: 8.455 GC heap after
{Heap after GC invocations=44 (full 0):
 garbage-first heap   total 285696K, used 152984K [0x0000000080000000, 0x0000000100000000)
  region size 1024K, 2 young (2048K), 2 survivors (2048K)
 Metaspace       used 115613K, committed 116352K, reserved 1179648K
  class space    used 15484K, committed 15808K, reserved 1048576K
}
Event: 9.025 GC heap before
{Heap before GC invocations=44 (full 0):
 garbage-first heap   total 285696K, used 231832K [0x0000000080000000, 0x0000000100000000)
  region size 1024K, 79 young (80896K), 2 survivors (2048K)
 Metaspace       used 118957K, committed 119680K, reserved 1179648K
  class space    used 15850K, committed 16192K, reserved 1048576K
}
Event: 9.028 GC heap after
{Heap after GC invocations=45 (full 0):
 garbage-first heap   total 285696K, used 159466K [0x0000000080000000, 0x0000000100000000)
  region size 1024K, 8 young (8192K), 8 survivors (8192K)
 Metaspace       used 118957K, committed 119680K, reserved 1179648K
  class space    used 15850K, committed 16192K, reserved 1048576K
}
Event: 9.832 GC heap before
{Heap before GC invocations=46 (full 0):
 garbage-first heap   total 285696K, used 233194K [0x0000000080000000, 0x0000000100000000)
  region size 1024K, 80 young (81920K), 8 survivors (8192K)
 Metaspace       used 125808K, committed 126592K, reserved 1179648K
  class space    used 16533K, committed 16896K, reserved 1048576K
}
Event: 9.837 GC heap after
{Heap after GC invocations=47 (full 0):
 garbage-first heap   total 285696K, used 166335K [0x0000000080000000, 0x0000000100000000)
  region size 1024K, 7 young (7168K), 7 survivors (7168K)
 Metaspace       used 125808K, committed 126592K, reserved 1179648K
  class space    used 16533K, committed 16896K, reserved 1048576K
}
Event: 9.896 GC heap before
{Heap before GC invocations=47 (full 0):
 garbage-first heap   total 285696K, used 171455K [0x0000000080000000, 0x0000000100000000)
  region size 1024K, 13 young (13312K), 7 survivors (7168K)
 Metaspace       used 126574K, committed 127360K, reserved 1179648K
  class space    used 16628K, committed 16960K, reserved 1048576K
}
Event: 9.898 GC heap after
{Heap after GC invocations=48 (full 0):
 garbage-first heap   total 285696K, used 166132K [0x0000000080000000, 0x0000000100000000)
  region size 1024K, 2 young (2048K), 2 survivors (2048K)
 Metaspace       used 126574K, committed 127360K, reserved 1179648K
  class space    used 16628K, committed 16960K, reserved 1048576K
}
Event: 10.565 GC heap before
{Heap before GC invocations=48 (full 0):
 garbage-first heap   total 285696K, used 235764K [0x0000000080000000, 0x0000000100000000)
  region size 1024K, 70 young (71680K), 2 survivors (2048K)
 Metaspace       used 136458K, committed 137280K, reserved 1179648K
  class space    used 17726K, committed 18112K, reserved 1048576K
}
Event: 10.567 GC heap after
{Heap after GC invocations=49 (full 0):
 garbage-first heap   total 285696K, used 167298K [0x0000000080000000, 0x0000000100000000)
  region size 1024K, 3 young (3072K), 3 survivors (3072K)
 Metaspace       used 136458K, committed 137280K, reserved 1179648K
  class space    used 17726K, committed 18112K, reserved 1048576K
}
Event: 11.188 GC heap before
{Heap before GC invocations=49 (full 0):
 garbage-first heap   total 285696K, used 238978K [0x0000000080000000, 0x0000000100000000)
  region size 1024K, 73 young (74752K), 3 survivors (3072K)
 Metaspace       used 143891K, committed 144704K, reserved 1179648K
  class space    used 18542K, committed 18944K, reserved 1048576K
}
Event: 11.190 GC heap after
{Heap after GC invocations=50 (full 0):
 garbage-first heap   total 285696K, used 169777K [0x0000000080000000, 0x0000000100000000)
  region size 1024K, 5 young (5120K), 5 survivors (5120K)
 Metaspace       used 143891K, committed 144704K, reserved 1179648K
  class space    used 18542K, committed 18944K, reserved 1048576K
}

