# JRE version: OpenJDK Runtime Environment (17.0.9) (build 17.0.9+0--11185874)
# Java VM: OpenJDK 64-Bit Server VM (17.0.9+0--11185874, mixed mode, tiered, compressed oops, compressed class ptrs, g1 gc, windows-amd64)
GC Precious Log:
 CPUs: 12 total, 12 available
 Memory: 14127M
 Large Page Support: Disabled
 NUMA Support: Disabled
 Compressed Oops: Enabled (32-bit)
 Heap Region Size: 1M
 Heap Min Capacity: 8M
 Heap Initial Capacity: 222M
 Heap Max Capacity: 2G
 Pre-touch: Disabled
 Parallel Workers: 10
 Concurrent Workers: 3
 Concurrent Refinement Workers: 10
 Periodic GC: Disabled
Heap:
 garbage-first heap   total 227328K, used 148662K [0x0000000080000000, 0x0000000100000000)
  region size 1024K, 6 young (6144K), 6 survivors (6144K)
 Metaspace       used 100364K, committed 101184K, reserved 1179648K
  class space    used 13663K, committed 14080K, reserved 1048576K
GC Heap History (20 events):
Event: 5.761 GC heap after
{Heap after GC invocations=47 (full 0):
 garbage-first heap   total 177152K, used 98445K [0x0000000080000000, 0x0000000100000000)
  region size 1024K, 4 young (4096K), 4 survivors (4096K)
 Metaspace       used 80537K, committed 81216K, reserved 1179648K
  class space    used 10834K, committed 11136K, reserved 1048576K
}
Event: 6.027 GC heap before
{Heap before GC invocations=47 (full 0):
 garbage-first heap   total 177152K, used 141453K [0x0000000080000000, 0x0000000100000000)
  region size 1024K, 47 young (48128K), 4 survivors (4096K)
 Metaspace       used 83117K, committed 83776K, reserved 1179648K
  class space    used 11172K, committed 11456K, reserved 1048576K
}
Event: 6.030 GC heap after
{Heap after GC invocations=48 (full 0):
 garbage-first heap   total 177152K, used 101400K [0x0000000080000000, 0x0000000100000000)
  region size 1024K, 6 young (6144K), 6 survivors (6144K)
 Metaspace       used 83117K, committed 83776K, reserved 1179648K
  class space    used 11172K, committed 11456K, reserved 1048576K
}
Event: 6.291 GC heap before
{Heap before GC invocations=49 (full 0):
 garbage-first heap   total 178176K, used 145432K [0x0000000080000000, 0x0000000100000000)
  region size 1024K, 48 young (49152K), 6 survivors (6144K)
 Metaspace       used 86109K, committed 86784K, reserved 1179648K
  class space    used 11574K, committed 11904K, reserved 1048576K
}
Event: 6.294 GC heap after
{Heap after GC invocations=50 (full 0):
 garbage-first heap   total 178176K, used 104332K [0x0000000080000000, 0x0000000100000000)
  region size 1024K, 6 young (6144K), 6 survivors (6144K)
 Metaspace       used 86109K, committed 86784K, reserved 1179648K
  class space    used 11574K, committed 11904K, reserved 1048576K
}
Event: 6.305 GC heap before
{Heap before GC invocations=50 (full 0):
 garbage-first heap   total 178176K, used 106380K [0x0000000080000000, 0x0000000100000000)
  region size 1024K, 8 young (8192K), 6 survivors (6144K)
 Metaspace       used 86277K, committed 86976K, reserved 1179648K
  class space    used 11593K, committed 11904K, reserved 1048576K
}
Event: 6.308 GC heap after
{Heap after GC invocations=51 (full 0):
 garbage-first heap   total 178176K, used 104245K [0x0000000080000000, 0x0000000100000000)
  region size 1024K, 1 young (1024K), 1 survivors (1024K)
 Metaspace       used 86277K, committed 86976K, reserved 1179648K
  class space    used 11593K, committed 11904K, reserved 1048576K
}
Event: 6.543 GC heap before
{Heap before GC invocations=51 (full 0):
 garbage-first heap   total 178176K, used 147253K [0x0000000080000000, 0x0000000100000000)
  region size 1024K, 43 young (44032K), 1 survivors (1024K)
 Metaspace       used 89665K, committed 90368K, reserved 1179648K
  class space    used 12248K, committed 12608K, reserved 1048576K
}
Event: 6.545 GC heap after
{Heap after GC invocations=52 (full 0):
 garbage-first heap   total 178176K, used 104908K [0x0000000080000000, 0x0000000100000000)
  region size 1024K, 2 young (2048K), 2 survivors (2048K)
 Metaspace       used 89665K, committed 90368K, reserved 1179648K
  class space    used 12248K, committed 12608K, reserved 1048576K
}
Event: 6.852 GC heap before
{Heap before GC invocations=53 (full 0):
 garbage-first heap   total 181248K, used 146892K [0x0000000080000000, 0x0000000100000000)
  region size 1024K, 44 young (45056K), 2 survivors (2048K)
 Metaspace       used 92957K, committed 93824K, reserved 1179648K
  class space    used 12758K, committed 13184K, reserved 1048576K
}
Event: 6.854 GC heap after
{Heap after GC invocations=54 (full 0):
 garbage-first heap   total 181248K, used 107032K [0x0000000080000000, 0x0000000100000000)
  region size 1024K, 4 young (4096K), 4 survivors (4096K)
 Metaspace       used 92957K, committed 93824K, reserved 1179648K
  class space    used 12758K, committed 13184K, reserved 1048576K
}
Event: 6.864 GC heap before
{Heap before GC invocations=54 (full 0):
 garbage-first heap   total 181248K, used 110104K [0x0000000080000000, 0x0000000100000000)
  region size 1024K, 8 young (8192K), 4 survivors (4096K)
 Metaspace       used 93192K, committed 94016K, reserved 1179648K
  class space    used 12765K, committed 13184K, reserved 1048576K
}
Event: 6.866 GC heap after
{Heap after GC invocations=55 (full 0):
 garbage-first heap   total 181248K, used 107145K [0x0000000080000000, 0x0000000100000000)
  region size 1024K, 1 young (1024K), 1 survivors (1024K)
 Metaspace       used 93192K, committed 94016K, reserved 1179648K
  class space    used 12765K, committed 13184K, reserved 1048576K
}
Event: 7.196 GC heap before
{Heap before GC invocations=55 (full 0):
 garbage-first heap   total 181248K, used 167561K [0x0000000080000000, 0x0000000100000000)
  region size 1024K, 45 young (46080K), 1 survivors (1024K)
 Metaspace       used 98145K, committed 99008K, reserved 1179648K
  class space    used 13379K, committed 13824K, reserved 1048576K
}
Event: 7.199 GC heap after
{Heap after GC invocations=56 (full 0):
 garbage-first heap   total 181248K, used 125680K [0x0000000080000000, 0x0000000100000000)
  region size 1024K, 6 young (6144K), 6 survivors (6144K)
 Metaspace       used 98145K, committed 99008K, reserved 1179648K
  class space    used 13379K, committed 13824K, reserved 1048576K
}
Event: 7.396 GC heap before
{Heap before GC invocations=57 (full 0):
 garbage-first heap   total 220160K, used 152304K [0x0000000080000000, 0x0000000100000000)
  region size 1024K, 33 young (33792K), 6 survivors (6144K)
 Metaspace       used 99110K, committed 99904K, reserved 1179648K
  class space    used 13492K, committed 13888K, reserved 1048576K
}
Event: 7.399 GC heap after
{Heap after GC invocations=58 (full 0):
 garbage-first heap   total 220160K, used 128238K [0x0000000080000000, 0x0000000100000000)
  region size 1024K, 3 young (3072K), 3 survivors (3072K)
 Metaspace       used 99110K, committed 99904K, reserved 1179648K
  class space    used 13492K, committed 13888K, reserved 1048576K
}
Event: 7.619 GC heap before
{Heap before GC invocations=58 (full 0):
 garbage-first heap   total 220160K, used 182510K [0x0000000080000000, 0x0000000100000000)
  region size 1024K, 53 young (54272K), 3 survivors (3072K)
 Metaspace       used 100344K, committed 101184K, reserved 1179648K
  class space    used 13663K, committed 14080K, reserved 1048576K
}
Event: 7.624 GC heap after
{Heap after GC invocations=59 (full 0):
 garbage-first heap   total 220160K, used 144189K [0x0000000080000000, 0x0000000100000000)
  region size 1024K, 7 young (7168K), 7 survivors (7168K)
 Metaspace       used 100344K, committed 101184K, reserved 1179648K
  class space    used 13663K, committed 14080K, reserved 1048576K
}
Event: 7.806 GC heap before
{Heap before GC invocations=59 (full 0):
 garbage-first heap   total 220160K, used 179005K [0x0000000080000000, 0x0000000100000000)
  region size 1024K, 41 young (41984K), 7 survivors (7168K)
 Metaspace       used 100364K, committed 101184K, reserved 1179648K
  class space    used 13663K, committed 14080K, reserved 1048576K
}

