# JRE version: OpenJDK Runtime Environment (17.0.9) (build 17.0.9+0--11185874)
# Java VM: OpenJDK 64-Bit Server VM (17.0.9+0--11185874, mixed mode, tiered, compressed oops, compressed class ptrs, g1 gc, windows-amd64)
GC Precious Log:
 CPUs: 12 total, 12 available
 Memory: 14127M
 Large Page Support: Disabled
 NUMA Support: Disabled
 Compressed Oops: Enabled (32-bit)
 Heap Region Size: 1M
 Heap Min Capacity: 8M
 Heap Initial Capacity: 222M
 Heap Max Capacity: 2G
 Pre-touch: Disabled
 Parallel Workers: 10
 Concurrent Workers: 3
 Concurrent Refinement Workers: 10
 Periodic GC: Disabled
Heap:
 garbage-first heap   total 370688K, used 270143K [0x0000000080000000, 0x0000000100000000)
  region size 1024K, 7 young (7168K), 7 survivors (7168K)
 Metaspace       used 119333K, committed 120192K, reserved 1179648K
  class space    used 16528K, committed 16960K, reserved 1048576K
GC Heap History (20 events):
Event: 12.339 GC heap after
{Heap after GC invocations=78 (full 0):
 garbage-first heap   total 356352K, used 123642K [0x0000000080000000, 0x0000000100000000)
  region size 1024K, 6 young (6144K), 6 survivors (6144K)
 Metaspace       used 107822K, committed 108608K, reserved 1179648K
  class space    used 14774K, committed 15168K, reserved 1048576K
}
Event: 12.522 GC heap before
{Heap before GC invocations=78 (full 0):
 garbage-first heap   total 356352K, used 313082K [0x0000000080000000, 0x0000000100000000)
  region size 1024K, 191 young (195584K), 6 survivors (6144K)
 Metaspace       used 107823K, committed 108608K, reserved 1179648K
  class space    used 14775K, committed 15168K, reserved 1048576K
}
Event: 12.524 GC heap after
{Heap after GC invocations=79 (full 0):
 garbage-first heap   total 356352K, used 124718K [0x0000000080000000, 0x0000000100000000)
  region size 1024K, 7 young (7168K), 7 survivors (7168K)
 Metaspace       used 107823K, committed 108608K, reserved 1179648K
  class space    used 14775K, committed 15168K, reserved 1048576K
}
Event: 13.853 GC heap before
{Heap before GC invocations=79 (full 0):
 garbage-first heap   total 356352K, used 313134K [0x0000000080000000, 0x0000000100000000)
  region size 1024K, 190 young (194560K), 7 survivors (7168K)
 Metaspace       used 112100K, committed 112896K, reserved 1179648K
  class space    used 15353K, committed 15744K, reserved 1048576K
}
Event: 13.860 GC heap after
{Heap after GC invocations=80 (full 0):
 garbage-first heap   total 356352K, used 140355K [0x0000000080000000, 0x0000000100000000)
  region size 1024K, 22 young (22528K), 22 survivors (22528K)
 Metaspace       used 112100K, committed 112896K, reserved 1179648K
  class space    used 15353K, committed 15744K, reserved 1048576K
}
Event: 14.035 GC heap before
{Heap before GC invocations=80 (full 0):
 garbage-first heap   total 356352K, used 296003K [0x0000000080000000, 0x0000000100000000)
  region size 1024K, 175 young (179200K), 22 survivors (22528K)
 Metaspace       used 113917K, committed 114688K, reserved 1179648K
  class space    used 15612K, committed 16000K, reserved 1048576K
}
Event: 14.045 GC heap after
{Heap after GC invocations=81 (full 0):
 garbage-first heap   total 356352K, used 173970K [0x0000000080000000, 0x0000000100000000)
  region size 1024K, 22 young (22528K), 22 survivors (22528K)
 Metaspace       used 113917K, committed 114688K, reserved 1179648K
  class space    used 15612K, committed 16000K, reserved 1048576K
}
Event: 14.249 GC heap before
{Heap before GC invocations=81 (full 0):
 garbage-first heap   total 356352K, used 282514K [0x0000000080000000, 0x0000000100000000)
  region size 1024K, 129 young (132096K), 22 survivors (22528K)
 Metaspace       used 116410K, committed 117248K, reserved 1179648K
  class space    used 16044K, committed 16448K, reserved 1048576K
}
Event: 14.256 GC heap after
{Heap after GC invocations=82 (full 0):
 garbage-first heap   total 356352K, used 195029K [0x0000000080000000, 0x0000000100000000)
  region size 1024K, 17 young (17408K), 17 survivors (17408K)
 Metaspace       used 116410K, committed 117248K, reserved 1179648K
  class space    used 16044K, committed 16448K, reserved 1048576K
}
Event: 14.405 GC heap before
{Heap before GC invocations=83 (full 0):
 garbage-first heap   total 370688K, used 280021K [0x0000000080000000, 0x0000000100000000)
  region size 1024K, 103 young (105472K), 17 survivors (17408K)
 Metaspace       used 116988K, committed 117824K, reserved 1179648K
  class space    used 16121K, committed 16576K, reserved 1048576K
}
Event: 14.416 GC heap after
{Heap after GC invocations=84 (full 0):
 garbage-first heap   total 370688K, used 211354K [0x0000000080000000, 0x0000000100000000)
  region size 1024K, 13 young (13312K), 13 survivors (13312K)
 Metaspace       used 116988K, committed 117824K, reserved 1179648K
  class space    used 16121K, committed 16576K, reserved 1048576K
}
Event: 14.432 GC heap before
{Heap before GC invocations=84 (full 0):
 garbage-first heap   total 370688K, used 216474K [0x0000000080000000, 0x0000000100000000)
  region size 1024K, 18 young (18432K), 13 survivors (13312K)
 Metaspace       used 117028K, committed 117888K, reserved 1179648K
  class space    used 16128K, committed 16576K, reserved 1048576K
}
Event: 14.437 GC heap after
{Heap after GC invocations=85 (full 0):
 garbage-first heap   total 370688K, used 211805K [0x0000000080000000, 0x0000000100000000)
  region size 1024K, 3 young (3072K), 3 survivors (3072K)
 Metaspace       used 117028K, committed 117888K, reserved 1179648K
  class space    used 16128K, committed 16576K, reserved 1048576K
}
Event: 14.510 GC heap before
{Heap before GC invocations=85 (full 0):
 garbage-first heap   total 370688K, used 293725K [0x0000000080000000, 0x0000000100000000)
  region size 1024K, 83 young (84992K), 3 survivors (3072K)
 Metaspace       used 117400K, committed 118272K, reserved 1179648K
  class space    used 16199K, committed 16640K, reserved 1048576K
}
Event: 14.518 GC heap after
{Heap after GC invocations=86 (full 0):
 garbage-first heap   total 370688K, used 228659K [0x0000000080000000, 0x0000000100000000)
  region size 1024K, 11 young (11264K), 11 survivors (11264K)
 Metaspace       used 117400K, committed 118272K, reserved 1179648K
  class space    used 16199K, committed 16640K, reserved 1048576K
}
Event: 14.583 GC heap before
{Heap before GC invocations=86 (full 0):
 garbage-first heap   total 370688K, used 298291K [0x0000000080000000, 0x0000000100000000)
  region size 1024K, 79 young (80896K), 11 survivors (11264K)
 Metaspace       used 117884K, committed 118656K, reserved 1179648K
  class space    used 16279K, committed 16704K, reserved 1048576K
}
Event: 14.592 GC heap after
{Heap after GC invocations=87 (full 0):
 garbage-first heap   total 370688K, used 244625K [0x0000000080000000, 0x0000000100000000)
  region size 1024K, 10 young (10240K), 10 survivors (10240K)
 Metaspace       used 117884K, committed 118656K, reserved 1179648K
  class space    used 16279K, committed 16704K, reserved 1048576K
}
Event: 14.699 GC heap before
{Heap before GC invocations=87 (full 0):
 garbage-first heap   total 370688K, used 302993K [0x0000000080000000, 0x0000000100000000)
  region size 1024K, 67 young (68608K), 10 survivors (10240K)
 Metaspace       used 118666K, committed 119488K, reserved 1179648K
  class space    used 16416K, committed 16832K, reserved 1048576K
}
Event: 14.709 GC heap after
{Heap after GC invocations=88 (full 0):
 garbage-first heap   total 370688K, used 258604K [0x0000000080000000, 0x0000000100000000)
  region size 1024K, 9 young (9216K), 9 survivors (9216K)
 Metaspace       used 118666K, committed 119488K, reserved 1179648K
  class space    used 16416K, committed 16832K, reserved 1048576K
}
Event: 14.845 GC heap before
{Heap before GC invocations=88 (full 0):
 garbage-first heap   total 370688K, used 306732K [0x0000000080000000, 0x0000000100000000)
  region size 1024K, 56 young (57344K), 9 survivors (9216K)
 Metaspace       used 119333K, committed 120192K, reserved 1179648K
  class space    used 16528K, committed 16960K, reserved 1048576K
}

