# JRE version: OpenJDK Runtime Environment (17.0.9) (build 17.0.9+0--11185874)
# Java VM: OpenJDK 64-Bit Server VM (17.0.9+0--11185874, mixed mode, tiered, compressed oops, compressed class ptrs, g1 gc, windows-amd64)
GC Precious Log:
 CPUs: 12 total, 12 available
 Memory: 14127M
 Large Page Support: Disabled
 NUMA Support: Disabled
 Compressed Oops: Enabled (32-bit)
 Heap Region Size: 1M
 Heap Min Capacity: 8M
 Heap Initial Capacity: 222M
 Heap Max Capacity: 2G
 Pre-touch: Disabled
 Parallel Workers: 10
 Concurrent Workers: 3
 Concurrent Refinement Workers: 10
 Periodic GC: Disabled
Heap:
 garbage-first heap   total 179200K, used 129873K [0x0000000080000000, 0x0000000100000000)
  region size 1024K, 4 young (4096K), 4 survivors (4096K)
 Metaspace       used 107164K, committed 107904K, reserved 1179648K
  class space    used 14772K, committed 15168K, reserved 1048576K
GC Heap History (20 events):
Event: 11.445 GC heap after
{Heap after GC invocations=28 (full 0):
 garbage-first heap   total 164864K, used 92871K [0x0000000080000000, 0x0000000100000000)
  region size 1024K, 7 young (7168K), 7 survivors (7168K)
 Metaspace       used 98128K, committed 98816K, reserved 1179648K
  class space    used 13523K, committed 13888K, reserved 1048576K
}
Event: 12.152 GC heap before
{Heap before GC invocations=29 (full 0):
 garbage-first heap   total 164864K, used 139975K [0x0000000080000000, 0x0000000100000000)
  region size 1024K, 49 young (50176K), 7 survivors (7168K)
 Metaspace       used 101437K, committed 102208K, reserved 1179648K
  class space    used 13991K, committed 14336K, reserved 1048576K
}
Event: 12.157 GC heap after
{Heap after GC invocations=30 (full 0):
 garbage-first heap   total 164864K, used 97818K [0x0000000080000000, 0x0000000100000000)
  region size 1024K, 5 young (5120K), 5 survivors (5120K)
 Metaspace       used 101437K, committed 102208K, reserved 1179648K
  class space    used 13991K, committed 14336K, reserved 1048576K
}
Event: 12.172 GC heap before
{Heap before GC invocations=30 (full 0):
 garbage-first heap   total 164864K, used 100890K [0x0000000080000000, 0x0000000100000000)
  region size 1024K, 8 young (8192K), 5 survivors (5120K)
 Metaspace       used 101620K, committed 102336K, reserved 1179648K
  class space    used 14057K, committed 14400K, reserved 1048576K
}
Event: 12.175 GC heap after
{Heap after GC invocations=31 (full 0):
 garbage-first heap   total 164864K, used 97892K [0x0000000080000000, 0x0000000100000000)
  region size 1024K, 1 young (1024K), 1 survivors (1024K)
 Metaspace       used 101620K, committed 102336K, reserved 1179648K
  class space    used 14057K, committed 14400K, reserved 1048576K
}
Event: 12.327 GC heap before
{Heap before GC invocations=31 (full 0):
 garbage-first heap   total 164864K, used 135780K [0x0000000080000000, 0x0000000100000000)
  region size 1024K, 39 young (39936K), 1 survivors (1024K)
 Metaspace       used 101915K, committed 102656K, reserved 1179648K
  class space    used 14078K, committed 14464K, reserved 1048576K
}
Event: 12.330 GC heap after
{Heap after GC invocations=32 (full 0):
 garbage-first heap   total 164864K, used 99529K [0x0000000080000000, 0x0000000100000000)
  region size 1024K, 3 young (3072K), 3 survivors (3072K)
 Metaspace       used 101915K, committed 102656K, reserved 1179648K
  class space    used 14078K, committed 14464K, reserved 1048576K
}
Event: 12.673 GC heap before
{Heap before GC invocations=33 (full 0):
 garbage-first heap   total 178176K, used 136393K [0x0000000080000000, 0x0000000100000000)
  region size 1024K, 40 young (40960K), 3 survivors (3072K)
 Metaspace       used 102495K, committed 103168K, reserved 1179648K
  class space    used 14128K, committed 14464K, reserved 1048576K
}
Event: 12.676 GC heap after
{Heap after GC invocations=34 (full 0):
 garbage-first heap   total 178176K, used 102039K [0x0000000080000000, 0x0000000100000000)
  region size 1024K, 5 young (5120K), 5 survivors (5120K)
 Metaspace       used 102495K, committed 103168K, reserved 1179648K
  class space    used 14128K, committed 14464K, reserved 1048576K
}
Event: 12.686 GC heap before
{Heap before GC invocations=34 (full 0):
 garbage-first heap   total 178176K, used 104087K [0x0000000080000000, 0x0000000100000000)
  region size 1024K, 8 young (8192K), 5 survivors (5120K)
 Metaspace       used 102508K, committed 103168K, reserved 1179648K
  class space    used 14128K, committed 14464K, reserved 1048576K
}
Event: 12.689 GC heap after
{Heap after GC invocations=35 (full 0):
 garbage-first heap   total 178176K, used 102341K [0x0000000080000000, 0x0000000100000000)
  region size 1024K, 1 young (1024K), 1 survivors (1024K)
 Metaspace       used 102508K, committed 103168K, reserved 1179648K
  class space    used 14128K, committed 14464K, reserved 1048576K
}
Event: 12.970 GC heap before
{Heap before GC invocations=35 (full 0):
 garbage-first heap   total 178176K, used 147397K [0x0000000080000000, 0x0000000100000000)
  region size 1024K, 46 young (47104K), 1 survivors (1024K)
 Metaspace       used 103243K, committed 104000K, reserved 1179648K
  class space    used 14241K, committed 14592K, reserved 1048576K
}
Event: 12.972 GC heap after
{Heap after GC invocations=36 (full 0):
 garbage-first heap   total 178176K, used 104311K [0x0000000080000000, 0x0000000100000000)
  region size 1024K, 3 young (3072K), 3 survivors (3072K)
 Metaspace       used 103243K, committed 104000K, reserved 1179648K
  class space    used 14241K, committed 14592K, reserved 1048576K
}
Event: 13.348 GC heap before
{Heap before GC invocations=36 (full 0):
 garbage-first heap   total 178176K, used 148343K [0x0000000080000000, 0x0000000100000000)
  region size 1024K, 47 young (48128K), 3 survivors (3072K)
 Metaspace       used 105902K, committed 106624K, reserved 1179648K
  class space    used 14560K, committed 14912K, reserved 1048576K
}
Event: 13.351 GC heap after
{Heap after GC invocations=37 (full 0):
 garbage-first heap   total 178176K, used 108304K [0x0000000080000000, 0x0000000100000000)
  region size 1024K, 6 young (6144K), 6 survivors (6144K)
 Metaspace       used 105902K, committed 106624K, reserved 1179648K
  class space    used 14560K, committed 14912K, reserved 1048576K
}
Event: 13.472 GC heap before
{Heap before GC invocations=37 (full 0):
 garbage-first heap   total 178176K, used 148240K [0x0000000080000000, 0x0000000100000000)
  region size 1024K, 46 young (47104K), 6 survivors (6144K)
 Metaspace       used 106415K, committed 107136K, reserved 1179648K
  class space    used 14657K, committed 15040K, reserved 1048576K
}
Event: 13.475 GC heap after
{Heap after GC invocations=38 (full 0):
 garbage-first heap   total 178176K, used 110570K [0x0000000080000000, 0x0000000100000000)
  region size 1024K, 3 young (3072K), 3 survivors (3072K)
 Metaspace       used 106415K, committed 107136K, reserved 1179648K
  class space    used 14657K, committed 15040K, reserved 1048576K
}
Event: 13.597 GC heap before
{Heap before GC invocations=38 (full 0):
 garbage-first heap   total 178176K, used 151530K [0x0000000080000000, 0x0000000100000000)
  region size 1024K, 42 young (43008K), 3 survivors (3072K)
 Metaspace       used 107119K, committed 107840K, reserved 1179648K
  class space    used 14762K, committed 15104K, reserved 1048576K
}
Event: 13.600 GC heap after
{Heap after GC invocations=39 (full 0):
 garbage-first heap   total 178176K, used 124098K [0x0000000080000000, 0x0000000100000000)
  region size 1024K, 6 young (6144K), 6 survivors (6144K)
 Metaspace       used 107119K, committed 107840K, reserved 1179648K
  class space    used 14762K, committed 15104K, reserved 1048576K
}
Event: 13.621 GC heap before
{Heap before GC invocations=39 (full 0):
 garbage-first heap   total 178176K, used 147650K [0x0000000080000000, 0x0000000100000000)
  region size 1024K, 30 young (30720K), 6 survivors (6144K)
 Metaspace       used 107164K, committed 107904K, reserved 1179648K
  class space    used 14772K, committed 15168K, reserved 1048576K
}

